<?xml version="1.0" encoding="UTF-8"?>
<!-- Generated by org.testng.reporters.JUnitXMLReporter -->
<testsuite hostname="payal" name="CRMTest" tests="4" failures="1" timestamp="1 Jun 2020 15:46:31 GMT" time="117.976" errors="0">
  <testcase name="@AfterMethod tearDown" time="0.0" classname="com.crm.qa.testcases.HomePageTest">
    <failure type="java.lang.IllegalArgumentException" message="Unterminated quote">
      <![CDATA[java.lang.IllegalArgumentException: Unterminated quote
	at java.text.SimpleDateFormat.compile(Unknown Source)
	at java.text.SimpleDateFormat.initialize(Unknown Source)
	at java.text.SimpleDateFormat.<init>(Unknown Source)
	at java.text.SimpleDateFormat.<init>(Unknown Source)
	at com.crm.qa.util.TestUtil.takeScreenshot(TestUtil.java:27)
	at com.crm.qa.testcases.HomePageTest.tearDown(HomePageTest.java:70)
... Removed 26 stack frames]]>
    </failure>
  </testcase> <!-- @AfterMethod tearDown -->
  <testcase name="@BeforeMethod setUp" time="0.0" classname="com.crm.qa.testcases.HomePageTest">
    <skipped/>
  </testcase> <!-- @BeforeMethod setUp -->
  <testcase name="@AfterMethod tearDown" time="0.0" classname="com.crm.qa.testcases.HomePageTest">
    <skipped/>
  </testcase> <!-- @AfterMethod tearDown -->
  <testcase name="crmImageTest" time="0.3" classname="com.crm.qa.testcases.LoginPageTest"/>
  <testcase name="loginTest" time="10.616" classname="com.crm.qa.testcases.LoginPageTest"/>
  <testcase name="homePageTitleTest" time="0.311" classname="com.crm.qa.testcases.HomePageTest">
    <failure type="java.lang.NullPointerException">
      <![CDATA[java.lang.NullPointerException
	at com.crm.qa.testcases.HomePageTest.homePageTitleTest(HomePageTest.java:46)
... Removed 24 stack frames]]>
    </failure>
  </testcase> <!-- homePageTitleTest -->
  <testcase name="homePageUsernameLabelTest" time="0.002" classname="com.crm.qa.testcases.HomePageTest">
    <skipped/>
  </testcase> <!-- homePageUsernameLabelTest -->
</testsuite> <!-- CRMTest -->
